<?xml version="1.0" encoding="UTF-8"?>
<testsuite xmlns:xsi="http://www.w3.org/2001/XMLSchema-instance" xsi:noNamespaceSchemaLocation="https://maven.apache.org/surefire/maven-surefire-plugin/xsd/surefire-test-report.xsd" name="TestSuite" time="12.187" tests="11" errors="0" skipped="0" failures="0">
  <properties>
    <property name="sun.desktop" value="windows"/>
    <property name="awt.toolkit" value="sun.awt.windows.WToolkit"/>
    <property name="file.encoding.pkg" value="sun.io"/>
    <property name="java.specification.version" value="1.8"/>
    <property name="sun.cpu.isalist" value="pentium_pro+mmx pentium_pro pentium+mmx pentium i486 i386 i86"/>
    <property name="sun.jnu.encoding" value="Cp1251"/>
    <property name="java.class.path" value="C:\Documents and Settings\graf\workspace\YevhenHrafovRestClient\target\test-classes;C:\Documents and Settings\graf\workspace\YevhenHrafovRestClient\target\classes;C:\Documents and Settings\graf\.m2\repository\com\beust\jcommander\1.27\jcommander-1.27.jar;C:\Documents and Settings\graf\.m2\repository\javax\ws\rs\javax.ws.rs-api\2.0.1\javax.ws.rs-api-2.0.1.jar;C:\Documents and Settings\graf\.m2\repository\org\glassfish\jersey\containers\jersey-container-servlet\2.19\jersey-container-servlet-2.19.jar;C:\Documents and Settings\graf\.m2\repository\org\glassfish\jersey\containers\jersey-container-servlet-core\2.19\jersey-container-servlet-core-2.19.jar;C:\Documents and Settings\graf\.m2\repository\org\glassfish\jersey\core\jersey-common\2.19\jersey-common-2.19.jar;C:\Documents and Settings\graf\.m2\repository\org\glassfish\jersey\bundles\repackaged\jersey-guava\2.19\jersey-guava-2.19.jar;C:\Documents and Settings\graf\.m2\repository\org\glassfish\hk2\osgi-resource-locator\1.0.1\osgi-resource-locator-1.0.1.jar;C:\Documents and Settings\graf\.m2\repository\org\glassfish\jersey\core\jersey-server\2.19\jersey-server-2.19.jar;C:\Documents and Settings\graf\.m2\repository\org\glassfish\jersey\media\jersey-media-jaxb\2.19\jersey-media-jaxb-2.19.jar;C:\Documents and Settings\graf\.m2\repository\javax\annotation\javax.annotation-api\1.2\javax.annotation-api-1.2.jar;C:\Documents and Settings\graf\.m2\repository\org\glassfish\hk2\hk2-api\2.4.0-b25\hk2-api-2.4.0-b25.jar;C:\Documents and Settings\graf\.m2\repository\org\glassfish\hk2\hk2-utils\2.4.0-b25\hk2-utils-2.4.0-b25.jar;C:\Documents and Settings\graf\.m2\repository\org\glassfish\hk2\external\aopalliance-repackaged\2.4.0-b25\aopalliance-repackaged-2.4.0-b25.jar;C:\Documents and Settings\graf\.m2\repository\org\glassfish\hk2\external\javax.inject\2.4.0-b25\javax.inject-2.4.0-b25.jar;C:\Documents and Settings\graf\.m2\repository\org\glassfish\hk2\hk2-locator\2.4.0-b25\hk2-locator-2.4.0-b25.jar;C:\Documents and Settings\graf\.m2\repository\org\javassist\javassist\3.18.1-GA\javassist-3.18.1-GA.jar;C:\Documents and Settings\graf\.m2\repository\javax\validation\validation-api\1.1.0.Final\validation-api-1.1.0.Final.jar;C:\Documents and Settings\graf\.m2\repository\org\glassfish\jersey\core\jersey-client\2.19\jersey-client-2.19.jar;C:\Documents and Settings\graf\.m2\repository\org\jboss\spec\javax\ws\rs\jboss-jaxrs-api_2.0_spec\1.0.0.Alpha1\jboss-jaxrs-api_2.0_spec-1.0.0.Alpha1.jar;C:\Documents and Settings\graf\.m2\repository\commons-io\commons-io\2.5\commons-io-2.5.jar;C:\Documents and Settings\graf\.m2\repository\org\apache\httpcomponents\httpclient\4.5.5\httpclient-4.5.5.jar;C:\Documents and Settings\graf\.m2\repository\org\apache\httpcomponents\httpcore\4.4.9\httpcore-4.4.9.jar;C:\Documents and Settings\graf\.m2\repository\commons-logging\commons-logging\1.2\commons-logging-1.2.jar;C:\Documents and Settings\graf\.m2\repository\commons-codec\commons-codec\1.10\commons-codec-1.10.jar;C:\Documents and Settings\graf\.m2\repository\com\google\code\gson\gson\2.8.0\gson-2.8.0.jar;C:\Documents and Settings\graf\.m2\repository\org\apache\httpcomponents\httpmime\4.3.1\httpmime-4.3.1.jar;C:\Documents and Settings\graf\.m2\repository\org\testng\testng\6.13.1\testng-6.13.1.jar;C:\Documents and Settings\graf\.m2\repository\org\uncommons\reportng\1.1.4\reportng-1.1.4.jar;C:\Documents and Settings\graf\.m2\repository\velocity\velocity\1.4\velocity-1.4.jar;C:\Documents and Settings\graf\.m2\repository\velocity\velocity-dep\1.4\velocity-dep-1.4.jar;C:\Documents and Settings\graf\.m2\repository\com\google\inject\guice\4.1.0\guice-4.1.0-no_aop.jar;C:\Documents and Settings\graf\.m2\repository\javax\inject\javax.inject\1\javax.inject-1.jar;C:\Documents and Settings\graf\.m2\repository\aopalliance\aopalliance\1.0\aopalliance-1.0.jar;C:\Documents and Settings\graf\.m2\repository\com\google\guava\guava\19.0\guava-19.0.jar;C:\Documents and Settings\graf\.m2\repository\log4j\log4j\1.2.17\log4j-1.2.17.jar;C:\Documents and Settings\graf\.m2\repository\org\apache\maven\surefire\surefire-testng-utils\2.20.1\surefire-testng-utils-2.20.1.jar;C:\Documents and Settings\graf\.m2\repository\org\apache\maven\surefire\surefire-grouper\2.20.1\surefire-grouper-2.20.1.jar;"/>
    <property name="java.vm.vendor" value="Oracle Corporation"/>
    <property name="sun.arch.data.model" value="32"/>
    <property name="user.variant" value=""/>
    <property name="java.vendor.url" value="http://java.oracle.com/"/>
    <property name="user.timezone" value="Europe/Helsinki"/>
    <property name="java.vm.specification.version" value="1.8"/>
    <property name="os.name" value="Windows XP"/>
    <property name="user.country" value="RU"/>
    <property name="sun.java.launcher" value="SUN_STANDARD"/>
    <property name="sun.boot.library.path" value="C:\Program Files\Java\jdk1.8.0_45\jre\bin"/>
    <property name="sun.java.command" value="C:\DOCUME~1\graf\LOCALS~1\Temp\surefire6513383389858447717\surefirebooter1742476459816671624.jar C:\Documents and Settings\graf\Local Settings\Temp\surefire6513383389858447717 2018-07-12T13-11-16_406-jvmRun1 surefire7201749598304054871tmp surefire_088235449374978607tmp"/>
    <property name="surefire.test.class.path" value="C:\Documents and Settings\graf\workspace\YevhenHrafovRestClient\target\test-classes;C:\Documents and Settings\graf\workspace\YevhenHrafovRestClient\target\classes;C:\Documents and Settings\graf\.m2\repository\com\beust\jcommander\1.27\jcommander-1.27.jar;C:\Documents and Settings\graf\.m2\repository\javax\ws\rs\javax.ws.rs-api\2.0.1\javax.ws.rs-api-2.0.1.jar;C:\Documents and Settings\graf\.m2\repository\org\glassfish\jersey\containers\jersey-container-servlet\2.19\jersey-container-servlet-2.19.jar;C:\Documents and Settings\graf\.m2\repository\org\glassfish\jersey\containers\jersey-container-servlet-core\2.19\jersey-container-servlet-core-2.19.jar;C:\Documents and Settings\graf\.m2\repository\org\glassfish\jersey\core\jersey-common\2.19\jersey-common-2.19.jar;C:\Documents and Settings\graf\.m2\repository\org\glassfish\jersey\bundles\repackaged\jersey-guava\2.19\jersey-guava-2.19.jar;C:\Documents and Settings\graf\.m2\repository\org\glassfish\hk2\osgi-resource-locator\1.0.1\osgi-resource-locator-1.0.1.jar;C:\Documents and Settings\graf\.m2\repository\org\glassfish\jersey\core\jersey-server\2.19\jersey-server-2.19.jar;C:\Documents and Settings\graf\.m2\repository\org\glassfish\jersey\media\jersey-media-jaxb\2.19\jersey-media-jaxb-2.19.jar;C:\Documents and Settings\graf\.m2\repository\javax\annotation\javax.annotation-api\1.2\javax.annotation-api-1.2.jar;C:\Documents and Settings\graf\.m2\repository\org\glassfish\hk2\hk2-api\2.4.0-b25\hk2-api-2.4.0-b25.jar;C:\Documents and Settings\graf\.m2\repository\org\glassfish\hk2\hk2-utils\2.4.0-b25\hk2-utils-2.4.0-b25.jar;C:\Documents and Settings\graf\.m2\repository\org\glassfish\hk2\external\aopalliance-repackaged\2.4.0-b25\aopalliance-repackaged-2.4.0-b25.jar;C:\Documents and Settings\graf\.m2\repository\org\glassfish\hk2\external\javax.inject\2.4.0-b25\javax.inject-2.4.0-b25.jar;C:\Documents and Settings\graf\.m2\repository\org\glassfish\hk2\hk2-locator\2.4.0-b25\hk2-locator-2.4.0-b25.jar;C:\Documents and Settings\graf\.m2\repository\org\javassist\javassist\3.18.1-GA\javassist-3.18.1-GA.jar;C:\Documents and Settings\graf\.m2\repository\javax\validation\validation-api\1.1.0.Final\validation-api-1.1.0.Final.jar;C:\Documents and Settings\graf\.m2\repository\org\glassfish\jersey\core\jersey-client\2.19\jersey-client-2.19.jar;C:\Documents and Settings\graf\.m2\repository\org\jboss\spec\javax\ws\rs\jboss-jaxrs-api_2.0_spec\1.0.0.Alpha1\jboss-jaxrs-api_2.0_spec-1.0.0.Alpha1.jar;C:\Documents and Settings\graf\.m2\repository\commons-io\commons-io\2.5\commons-io-2.5.jar;C:\Documents and Settings\graf\.m2\repository\org\apache\httpcomponents\httpclient\4.5.5\httpclient-4.5.5.jar;C:\Documents and Settings\graf\.m2\repository\org\apache\httpcomponents\httpcore\4.4.9\httpcore-4.4.9.jar;C:\Documents and Settings\graf\.m2\repository\commons-logging\commons-logging\1.2\commons-logging-1.2.jar;C:\Documents and Settings\graf\.m2\repository\commons-codec\commons-codec\1.10\commons-codec-1.10.jar;C:\Documents and Settings\graf\.m2\repository\com\google\code\gson\gson\2.8.0\gson-2.8.0.jar;C:\Documents and Settings\graf\.m2\repository\org\apache\httpcomponents\httpmime\4.3.1\httpmime-4.3.1.jar;C:\Documents and Settings\graf\.m2\repository\org\testng\testng\6.13.1\testng-6.13.1.jar;C:\Documents and Settings\graf\.m2\repository\org\uncommons\reportng\1.1.4\reportng-1.1.4.jar;C:\Documents and Settings\graf\.m2\repository\velocity\velocity\1.4\velocity-1.4.jar;C:\Documents and Settings\graf\.m2\repository\velocity\velocity-dep\1.4\velocity-dep-1.4.jar;C:\Documents and Settings\graf\.m2\repository\com\google\inject\guice\4.1.0\guice-4.1.0-no_aop.jar;C:\Documents and Settings\graf\.m2\repository\javax\inject\javax.inject\1\javax.inject-1.jar;C:\Documents and Settings\graf\.m2\repository\aopalliance\aopalliance\1.0\aopalliance-1.0.jar;C:\Documents and Settings\graf\.m2\repository\com\google\guava\guava\19.0\guava-19.0.jar;C:\Documents and Settings\graf\.m2\repository\log4j\log4j\1.2.17\log4j-1.2.17.jar;C:\Documents and Settings\graf\.m2\repository\org\apache\maven\surefire\surefire-testng-utils\2.20.1\surefire-testng-utils-2.20.1.jar;C:\Documents and Settings\graf\.m2\repository\org\apache\maven\surefire\surefire-grouper\2.20.1\surefire-grouper-2.20.1.jar;"/>
    <property name="sun.cpu.endian" value="little"/>
    <property name="user.home" value="C:\Documents and Settings\graf"/>
    <property name="user.language" value="ru"/>
    <property name="java.specification.vendor" value="Oracle Corporation"/>
    <property name="java.home" value="C:\Program Files\Java\jdk1.8.0_45\jre"/>
    <property name="basedir" value="C:\Documents and Settings\graf\workspace\YevhenHrafovRestClient"/>
    <property name="file.separator" value="\"/>
    <property name="line.separator" value="&#10;"/>
    <property name="java.vm.specification.vendor" value="Oracle Corporation"/>
    <property name="java.specification.name" value="Java Platform API Specification"/>
    <property name="java.awt.graphicsenv" value="sun.awt.Win32GraphicsEnvironment"/>
    <property name="surefire.real.class.path" value="C:\DOCUME~1\graf\LOCALS~1\Temp\surefire6513383389858447717\surefirebooter1742476459816671624.jar"/>
    <property name="com.uncommons.reportng.escape-output" value="false"/>
    <property name="sun.boot.class.path" value="C:\Program Files\Java\jdk1.8.0_45\jre\lib\resources.jar;C:\Program Files\Java\jdk1.8.0_45\jre\lib\rt.jar;C:\Program Files\Java\jdk1.8.0_45\jre\lib\sunrsasign.jar;C:\Program Files\Java\jdk1.8.0_45\jre\lib\jsse.jar;C:\Program Files\Java\jdk1.8.0_45\jre\lib\jce.jar;C:\Program Files\Java\jdk1.8.0_45\jre\lib\charsets.jar;C:\Program Files\Java\jdk1.8.0_45\jre\lib\jfr.jar;C:\Program Files\Java\jdk1.8.0_45\jre\classes"/>
    <property name="user.script" value=""/>
    <property name="sun.management.compiler" value="HotSpot Client Compiler"/>
    <property name="java.runtime.version" value="1.8.0_45-b15"/>
    <property name="user.name" value="graf"/>
    <property name="path.separator" value=";"/>
    <property name="os.version" value="5.1"/>
    <property name="java.endorsed.dirs" value="C:\Program Files\Java\jdk1.8.0_45\jre\lib\endorsed"/>
    <property name="java.runtime.name" value="Java(TM) SE Runtime Environment"/>
    <property name="file.encoding" value="Cp1251"/>
    <property name="java.vm.name" value="Java HotSpot(TM) Client VM"/>
    <property name="localRepository" value="C:\Documents and Settings\graf\.m2\repository"/>
    <property name="java.vendor.url.bug" value="http://bugreport.sun.com/bugreport/"/>
    <property name="java.io.tmpdir" value="C:\DOCUME~1\graf\LOCALS~1\Temp\"/>
    <property name="java.version" value="1.8.0_45"/>
    <property name="user.dir" value="C:\Documents and Settings\graf\workspace\YevhenHrafovRestClient"/>
    <property name="os.arch" value="x86"/>
    <property name="java.vm.specification.name" value="Java Virtual Machine Specification"/>
    <property name="java.awt.printerjob" value="sun.awt.windows.WPrinterJob"/>
    <property name="sun.os.patch.level" value="Service Pack 3"/>
    <property name="java.library.path" value="C:\Program Files\Java\jdk1.8.0_45\jre\bin;C:\WINDOWS\Sun\Java\bin;C:\WINDOWS\system32;C:\WINDOWS;C:\Documents and Settings\All Users\Application Data\Oracle\Java\javapath;C:\WINDOWS\system32;C:\WINDOWS;C:\WINDOWS\System32\Wbem;C:\Program Files\ATI Technologies\ATI Control Panel;C:\Program Files\apache-maven-3.5.3\bin;d:\Program Files\Git\cmd;D:\gradle-4.8\bin;C:\Program Files\Java\jdk1.8.0_45\bin\bin;C:\eclipse;;."/>
    <property name="java.vm.info" value="mixed mode"/>
    <property name="java.vendor" value="Oracle Corporation"/>
    <property name="java.vm.version" value="25.45-b02"/>
    <property name="java.ext.dirs" value="C:\Program Files\Java\jdk1.8.0_45\jre\lib\ext;C:\WINDOWS\Sun\Java\lib\ext"/>
    <property name="sun.io.unicode.encoding" value="UnicodeLittle"/>
    <property name="java.class.version" value="52.0"/>
  </properties>
  <testcase name="upload" classname="com.epam.rest.service.test.TestFileRepo" time="5.969"/>
  <testcase name="delete" classname="com.epam.rest.service.test.TestFileRepo" time="0.032"/>
  <testcase name="download" classname="com.epam.rest.service.test.TestFileRepo" time="0.765"/>
  <testcase name="upload1mb" classname="com.epam.rest.service.test.TestFileRepo" time="0.641"/>
  <testcase name="download1Mb" classname="com.epam.rest.service.test.TestFileRepo" time="0.313"/>
  <testcase name="uploadIncorrect" classname="com.epam.rest.service.test.TestFileRepo" time="0.594"/>
  <testcase name="deleteIncorrect" classname="com.epam.rest.service.test.TestFileRepo" time="0.125"/>
  <testcase name="downloadIncorrect" classname="com.epam.rest.service.test.TestFileRepo" time="0.016"/>
  <testcase name="uploadIdempotent" classname="com.epam.rest.service.test.TestFileRepo" time="0.281"/>
  <testcase name="deleteIdempotent" classname="com.epam.rest.service.test.TestFileRepo" time="0.015"/>
  <testcase name="downloadIdempotent" classname="com.epam.rest.service.test.TestFileRepo" time="0.016"/>
</testsuite>